[     146ms] [INFO] %cDownload the React DevTools for a better development experience: https://react.dev/link/react-devtools font-weight:bold @ http://localhost:3003/_next/static/chunks/node_modules_next_dist_115brz8._.js:2431
[     177ms] [LOG] [HMR] connected @ http://localhost:3003/_next/static/chunks/node_modules_next_dist_115brz8._.js:2431
[  816471ms] [LOG] [Fast Refresh] rebuilding @ http://localhost:3003/_next/static/chunks/node_modules_next_dist_115brz8._.js:2431
[  816613ms] [LOG] [Fast Refresh] done in 157ms @ http://localhost:3003/_next/static/chunks/node_modules_next_dist_115brz8._.js:2431
[  816810ms] PrismaClientValidationError: 
Invalid `__TURBOPACK__imported__module__$5b$project$5d2f$src$2f$lib$2f$prisma$2e$ts__$5b$app$2d$rsc$5d$__$28$ecmascript$29$__["prisma"].link.deleteMany()` invocation in
/home/alec/git/us/.next/dev/server/chunks/ssr/_0a4.261._.js:531:143

  528 // Auto-cleanup: delete unpinned links older than EXPIRY_DAYS
  529 const cutoff = new Date();
  530 cutoff.setDate(cutoff.getDate() - EXPIRY_DAYS);
→ 531 await __TURBOPACK__imported__module__$5b$project$5d2f$src$2f$lib$2f$prisma$2e$ts__$5b$app$2d$rsc$5d$__$28$ecmascript$29$__["prisma"].link.deleteMany({
        where: {
          isPinned: false,
          ~~~~~~~~
          createdAt: {
            lt: new Date("2026-04-06T02:17:02.755Z")
          },
      ?   AND?: LinkWhereInput | LinkWhereInput[],
      ?   OR?: LinkWhereInput[],
      ?   NOT?: LinkWhereInput | LinkWhereInput[],
      ?   id?: StringFilter | String,
      ?   url?: StringFilter | String,
      ?   title?: StringFilter | String,
      ?   isStatic?: BoolFilter | Boolean,
      ?   updatedAt?: DateTimeFilter | DateTime
        }
      })

Unknown argument `isPinned`. Available options are marked with ?.
    at  getLinks (about://React/Server/file:///home/alec/git/us/.next/dev/server/chunks/ssr/_0a4.261._.js?56:531:5)
    at  Home (about://React/Server/file:///home/alec/git/us/.next/dev/server/chunks/ssr/%5Broot-of-the-server%5D__0reb~fw._.js?57:293:42)
    at resolveErrorDev (http://localhost:3003/_next/static/chunks/node_modules_next_dist_compiled_react-server-dom-turbopack_0p3wegg._.js:1919:150)
    at processFullStringRow (http://localhost:3003/_next/static/chunks/node_modules_next_dist_compiled_react-server-dom-turbopack_0p3wegg._.js:2434:29)
    at processFullBinaryRow (http://localhost:3003/_next/static/chunks/node_modules_next_dist_compiled_react-server-dom-turbopack_0p3wegg._.js:2393:9)
    at processBinaryChunk (http://localhost:3003/_next/static/chunks/node_modules_next_dist_compiled_react-server-dom-turbopack_0p3wegg._.js:2502:221)
    at progress (http://localhost:3003/_next/static/chunks/node_modules_next_dist_compiled_react-server-dom-turbopack_0p3wegg._.js:2689:13)
[  835681ms] [LOG] [Fast Refresh] rebuilding @ http://localhost:3003/_next/static/chunks/node_modules_next_dist_115brz8._.js:2431
[  835803ms] [LOG] [Fast Refresh] done in 63ms @ http://localhost:3003/_next/static/chunks/node_modules_next_dist_115brz8._.js:2431
[  835850ms] [WARNING] [Fast Refresh] performing full reload because your application had an unrecoverable error @ http://localhost:3003/_next/static/chunks/node_modules_next_dist_115brz8._.js:2431
[  835875ms] PrismaClientValidationError: 
Invalid `__TURBOPACK__imported__module__$5b$project$5d2f$src$2f$lib$2f$prisma$2e$ts__$5b$app$2d$rsc$5d$__$28$ecmascript$29$__["prisma"].link.deleteMany()` invocation in
/home/alec/git/us/.next/dev/server/chunks/ssr/_0a4.261._.js:531:143

  528 // Auto-cleanup: delete unpinned links older than EXPIRY_DAYS
  529 const cutoff = new Date();
  530 cutoff.setDate(cutoff.getDate() - EXPIRY_DAYS);
→ 531 await __TURBOPACK__imported__module__$5b$project$5d2f$src$2f$lib$2f$prisma$2e$ts__$5b$app$2d$rsc$5d$__$28$ecmascript$29$__["prisma"].link.deleteMany({
        where: {
          isPinned: false,
          ~~~~~~~~
          createdAt: {
            lt: new Date("2026-04-06T02:17:02.755Z")
          },
      ?   AND?: LinkWhereInput | LinkWhereInput[],
      ?   OR?: LinkWhereInput[],
      ?   NOT?: LinkWhereInput | LinkWhereInput[],
      ?   id?: StringFilter | String,
      ?   url?: StringFilter | String,
      ?   title?: StringFilter | String,
      ?   isStatic?: BoolFilter | Boolean,
      ?   updatedAt?: DateTimeFilter | DateTime
        }
      })

Unknown argument `isPinned`. Available options are marked with ?.
    at  getLinks (about://React/Server/file:///home/alec/git/us/.next/dev/server/chunks/ssr/_0a4.261._.js?56:531:5)
    at  Home (about://React/Server/file:///home/alec/git/us/.next/dev/server/chunks/ssr/%5Broot-of-the-server%5D__0reb~fw._.js?57:293:42)
    at resolveErrorDev (http://localhost:3003/_next/static/chunks/node_modules_next_dist_compiled_react-server-dom-turbopack_0p3wegg._.js:1919:150)
    at processFullStringRow (http://localhost:3003/_next/static/chunks/node_modules_next_dist_compiled_react-server-dom-turbopack_0p3wegg._.js:2434:29)
    at processFullBinaryRow (http://localhost:3003/_next/static/chunks/node_modules_next_dist_compiled_react-server-dom-turbopack_0p3wegg._.js:2393:9)
    at processBinaryChunk (http://localhost:3003/_next/static/chunks/node_modules_next_dist_compiled_react-server-dom-turbopack_0p3wegg._.js:2502:221)
    at progress (http://localhost:3003/_next/static/chunks/node_modules_next_dist_compiled_react-server-dom-turbopack_0p3wegg._.js:2689:13)
[  835919ms] [ERROR] Failed to load resource: the server responded with a status of 500 (Internal Server Error) @ http://localhost:3003/:0
[  835964ms] [INFO] %cDownload the React DevTools for a better development experience: https://react.dev/link/react-devtools font-weight:bold @ http://localhost:3003/_next/static/chunks/node_modules_next_dist_115brz8._.js:2431
[  835990ms] [LOG] [HMR] connected @ http://localhost:3003/_next/static/chunks/node_modules_next_dist_115brz8._.js:2431
[  836042ms] PrismaClientValidationError: 
Invalid `__TURBOPACK__imported__module__$5b$project$5d2f$src$2f$lib$2f$prisma$2e$ts__$5b$app$2d$rsc$5d$__$28$ecmascript$29$__["prisma"].link.deleteMany()` invocation in
/home/alec/git/us/.next/dev/server/chunks/ssr/_0a4.261._.js:531:143

  528 // Auto-cleanup: delete unpinned links older than EXPIRY_DAYS
  529 const cutoff = new Date();
  530 cutoff.setDate(cutoff.getDate() - EXPIRY_DAYS);
→ 531 await __TURBOPACK__imported__module__$5b$project$5d2f$src$2f$lib$2f$prisma$2e$ts__$5b$app$2d$rsc$5d$__$28$ecmascript$29$__["prisma"].link.deleteMany({
        where: {
          isPinned: false,
          ~~~~~~~~
          createdAt: {
            lt: new Date("2026-04-06T02:17:21.816Z")
          },
      ?   AND?: LinkWhereInput | LinkWhereInput[],
      ?   OR?: LinkWhereInput[],
      ?   NOT?: LinkWhereInput | LinkWhereInput[],
      ?   id?: StringFilter | String,
      ?   url?: StringFilter | String,
      ?   title?: StringFilter | String,
      ?   isStatic?: BoolFilter | Boolean,
      ?   updatedAt?: DateTimeFilter | DateTime
        }
      })

Unknown argument `isPinned`. Available options are marked with ?.
    at  getLinks (about://React/Server/file:///home/alec/git/us/.next/dev/server/chunks/ssr/_0a4.261._.js?0:531:5)
    at  Home (about://React/Server/file:///home/alec/git/us/.next/dev/server/chunks/ssr/%5Broot-of-the-server%5D__0reb~fw._.js?1:293:42)
    at resolveErrorDev (http://localhost:3003/_next/static/chunks/node_modules_next_dist_compiled_react-server-dom-turbopack_0p3wegg._.js:1919:105)
    at processFullStringRow (http://localhost:3003/_next/static/chunks/node_modules_next_dist_compiled_react-server-dom-turbopack_0p3wegg._.js:2434:29)
    at processFullBinaryRow (http://localhost:3003/_next/static/chunks/node_modules_next_dist_compiled_react-server-dom-turbopack_0p3wegg._.js:2393:9)
    at processBinaryChunk (http://localhost:3003/_next/static/chunks/node_modules_next_dist_compiled_react-server-dom-turbopack_0p3wegg._.js:2502:221)
    at progress (http://localhost:3003/_next/static/chunks/node_modules_next_dist_compiled_react-server-dom-turbopack_0p3wegg._.js:2689:13)
[  839084ms] [WARNING] The resource http://localhost:3003/_next/static/chunks/src_0klwi-5._.css was preloaded using link preload but not used within a few seconds from the window's load event. Please make sure it has an appropriate `as` value and it is preloaded intentionally. @ http://localhost:3003/:0
[  943817ms] [ERROR] WebSocket connection to 'ws://localhost:3003/_next/webpack-hmr?id=03L4YIBci4OMb1-oILcrq' failed: Error in connection establishment: net::ERR_CONNECTION_REFUSED @ http://localhost:3003/_next/static/chunks/node_modules_next_dist_client_0fhqo1d._.js:13299
[  944820ms] [ERROR] WebSocket connection to 'ws://localhost:3003/_next/webpack-hmr?id=03L4YIBci4OMb1-oILcrq' failed: Error in connection establishment: net::ERR_CONNECTION_REFUSED @ http://localhost:3003/_next/static/chunks/node_modules_next_dist_client_0fhqo1d._.js:13299
[  945821ms] [ERROR] WebSocket connection to 'ws://localhost:3003/_next/webpack-hmr?id=03L4YIBci4OMb1-oILcrq' failed: Error in connection establishment: net::ERR_CONNECTION_REFUSED @ http://localhost:3003/_next/static/chunks/node_modules_next_dist_client_0fhqo1d._.js:13299
[  946824ms] [ERROR] WebSocket connection to 'ws://localhost:3003/_next/webpack-hmr?id=03L4YIBci4OMb1-oILcrq' failed: Error in connection establishment: net::ERR_CONNECTION_REFUSED @ http://localhost:3003/_next/static/chunks/node_modules_next_dist_client_0fhqo1d._.js:13299
[  947826ms] [ERROR] WebSocket connection to 'ws://localhost:3003/_next/webpack-hmr?id=03L4YIBci4OMb1-oILcrq' failed: Error in connection establishment: net::ERR_CONNECTION_REFUSED @ http://localhost:3003/_next/static/chunks/node_modules_next_dist_client_0fhqo1d._.js:13299
[  952828ms] [ERROR] WebSocket connection to 'ws://localhost:3003/_next/webpack-hmr?id=03L4YIBci4OMb1-oILcrq' failed: Error in connection establishment: net::ERR_CONNECTION_REFUSED @ http://localhost:3003/_next/static/chunks/node_modules_next_dist_client_0fhqo1d._.js:13299
[  957830ms] [ERROR] WebSocket connection to 'ws://localhost:3003/_next/webpack-hmr?id=03L4YIBci4OMb1-oILcrq' failed: Error in connection establishment: net::ERR_CONNECTION_REFUSED @ http://localhost:3003/_next/static/chunks/node_modules_next_dist_client_0fhqo1d._.js:13299
[  962835ms] [ERROR] WebSocket connection to 'ws://localhost:3003/_next/webpack-hmr?id=03L4YIBci4OMb1-oILcrq' failed: Error in connection establishment: net::ERR_CONNECTION_REFUSED @ http://localhost:3003/_next/static/chunks/node_modules_next_dist_client_0fhqo1d._.js:13299
[  967841ms] [ERROR] WebSocket connection to 'ws://localhost:3003/_next/webpack-hmr?id=03L4YIBci4OMb1-oILcrq' failed: Error in connection establishment: net::ERR_CONNECTION_REFUSED @ http://localhost:3003/_next/static/chunks/node_modules_next_dist_client_0fhqo1d._.js:13299
[  972845ms] [ERROR] WebSocket connection to 'ws://localhost:3003/_next/webpack-hmr?id=03L4YIBci4OMb1-oILcrq' failed: Error in connection establishment: net::ERR_CONNECTION_REFUSED @ http://localhost:3003/_next/static/chunks/node_modules_next_dist_client_0fhqo1d._.js:13299
[  977853ms] [ERROR] WebSocket connection to 'ws://localhost:3003/_next/webpack-hmr?id=03L4YIBci4OMb1-oILcrq' failed: Error in connection establishment: net::ERR_CONNECTION_REFUSED @ http://localhost:3003/_next/static/chunks/node_modules_next_dist_client_0fhqo1d._.js:13299
[  982859ms] [ERROR] WebSocket connection to 'ws://localhost:3003/_next/webpack-hmr?id=03L4YIBci4OMb1-oILcrq' failed: Error in connection establishment: net::ERR_CONNECTION_REFUSED @ http://localhost:3003/_next/static/chunks/node_modules_next_dist_client_0fhqo1d._.js:13299
[ 1019747ms] [INFO] %cDownload the React DevTools for a better development experience: https://react.dev/link/react-devtools font-weight:bold @ http://localhost:3003/_next/static/chunks/node_modules_next_dist_115brz8._.js:2431
[ 1019778ms] [LOG] [HMR] connected @ http://localhost:3003/_next/static/chunks/node_modules_next_dist_115brz8._.js:2431
